Arguments: 
  /home/daniel/.npm-global/lib/node_modules/node/bin/node /home/daniel/.npm-global/bin/yarn add @fontsource/inter

PATH: 
  /home/daniel/.config/nvcode/utils/bin:/home/daniel/.sdkman/candidates/gradle/current/bin:/opt/Qt/5.15.0/wasm_32/bin:/opt/Qt/5.15.0/android/bin:/opt/Qt/5.15.0/gcc_64/bin:/home/daniel/.cargo/bin:/home/daniel/.npm-global/bin:/home/daniel/.opam/default/bin:/home/daniel/.local/bin:/usr/local/sbin:/usr/local/bin:/usr/sbin:/usr/bin:/sbin:/bin:/usr/games:/usr/local/games:/snap/bin

Yarn version: 
  1.22.11

Node version: 
  16.5.0

Platform: 
  linux x64

Trace: 
  Error: getaddrinfo EAI_AGAIN registry.yarnpkg.com
      at GetAddrInfoReqWrap.onlookup [as oncomplete] (node:dns:71:26)

npm manifest: 
  {
    "name": "daniel",
    "version": "1.0.0",
    "description": "",
    "private": true,
    "scripts": {
      "develop": "gatsby develop",
      "start": "gatsby develop",
      "build": "gatsby build",
      "serve": "gatsby serve",
      "clean": "gatsby clean"
    },
    "keywords": [
      "portafolio web, gatsby"
    ],
    "author": "Daniel Alejandro Rangel Sanchez",
    "license": "ISC",
    "dependencies": {
      "@chakra-ui/gatsby-plugin": "^2.0.2",
      "@chakra-ui/icons": "^1.1.1",
      "@chakra-ui/react": "^1.7.2",
      "@emotion/react": "^11.6.0",
      "@emotion/styled": "^11.6.0",
      "@fontsource/jetbrains-mono": "^4.5.0",
      "framer-motion": "^5.3.3",
      "gatsby": "^4.2.0",
      "gatsby-plugin-image": "^2.2.0",
      "gatsby-plugin-react-helmet": "^5.3.0",
      "gatsby-plugin-sharp": "^4.2.0",
      "gatsby-source-filesystem": "^4.2.0",
      "latest-version": "^6.0.0",
      "react": "^17.0.2",
      "react-dom": "^17.0.2",
      "react-helmet": "^6.1.0",
      "react-icons": "^4.3.1"
    }
  }

yarn manifest: 
  No manifest

Lockfile: 
  No lockfile
